-------------------------------------------------------------------------------
Test set: runners.TestRunner
-------------------------------------------------------------------------------
Tests run: 16, Failures: 2, Errors: 0, Skipped: 0, Time elapsed: 117.628 s <<< FAILURE! - in runners.TestRunner
testing product import to cart.I remove one item from the cart  Time elapsed: 10.434 s  <<< FAILURE!
java.lang.AssertionError: Expected cart to be empty, but found 5 items.

testing product import to cart.I remove all items from the cart  Time elapsed: 13.526 s  <<< FAILURE!
java.lang.AssertionError: Expected cart to be empty, but found 5 items.

